
RAxML-NG v. 1.2.2 released on 11.04.2024 by The Exelixis Lab.
Developed by: Alexey M. Kozlov and Alexandros Stamatakis.
Contributors: Diego Darriba, Tomas Flouri, Benoit Morel, Sarah Lutteropp, Ben Bettisworth, Julia Haag, Anastasis Togkousidis.
Latest version: https://github.com/amkozlov/raxml-ng
Questions/problems/suggestions? Please visit: https://groups.google.com/forum/#!forum/raxml

System: AMD EPYC 7742 64-Core Processor, 128 cores, 1007 GB RAM

RAxML-NG was called at 24-Feb-2025 13:13:01 as follows:

raxml-ng --parse --msa blastp_rep_aligned50_modified.fasta --model LG+I+G4+F --prefix parameters

Analysis options:
  run mode: Alignment parsing and compression
  start tree(s): 
  random seed: 1740402781
  tip-inner: OFF
  pattern compression: ON
  per-rate scalers: OFF
  site repeats: ON
  logLH epsilon: general: 0.100000, brlen-triplet: 1000.000000
  branch lengths: proportional (ML estimate, algorithm: NR-FAST)
  SIMD kernels: AVX2
  parallelization: coarse-grained (auto), PTHREADS (auto)

[00:00:00] Reading alignment from file: blastp_rep_aligned50_modified.fasta
[00:00:00] Loaded alignment with 219 taxa and 613 sites

Alignment comprises 1 partitions and 586 patterns

Partition 0: noname
Model: LG+FC+I+G4m
Alignment sites / patterns: 613 / 586
Gaps: 48.77 %
Invariant sites: 17.46 %


NOTE: Binary MSA file created: parameters.raxml.rba


* Estimated memory requirements                : 156 MB

* Recommended number of threads / MPI processes: 7

Please note that numbers given above are rough estimates only. 
Actual memory consumption and parallel performance on your system may differ!

Alignment can be successfully read by RAxML-NG.


Execution log saved to: /rds/general/user/nb122/home/Y3_Project/BLASTP/Refseq_select_prot_e7/RAxML/parameters.raxml.log

Analysis started: 24-Feb-2025 13:13:01 / finished: 24-Feb-2025 13:13:01

Elapsed time: 0.050 seconds

