
RAxML-NG v. 1.2.2 released on 11.04.2024 by The Exelixis Lab.
Developed by: Alexey M. Kozlov and Alexandros Stamatakis.
Contributors: Diego Darriba, Tomas Flouri, Benoit Morel, Sarah Lutteropp, Ben Bettisworth, Julia Haag, Anastasis Togkousidis.
Latest version: https://github.com/amkozlov/raxml-ng
Questions/problems/suggestions? Please visit: https://groups.google.com/forum/#!forum/raxml

System: AMD EPYC 7742 64-Core Processor, 128 cores, 1007 GB RAM

RAxML-NG was called at 24-Feb-2025 13:02:50 as follows:

raxml-ng --parse --msa blastn_kalignaligned_modified.fasta --model GTR+I+G4 --prefix T2

Analysis options:
  run mode: Alignment parsing and compression
  start tree(s): 
  random seed: 1740402170
  tip-inner: OFF
  pattern compression: ON
  per-rate scalers: OFF
  site repeats: ON
  logLH epsilon: general: 0.100000, brlen-triplet: 1000.000000
  branch lengths: proportional (ML estimate, algorithm: NR-FAST)
  SIMD kernels: AVX2
  parallelization: coarse-grained (auto), PTHREADS (auto)

[00:00:00] Reading alignment from file: blastn_kalignaligned_modified.fasta
[00:00:00] Loaded alignment with 149 taxa and 1079 sites

WARNING: Fully undetermined columns found: 2

NOTE: Reduced alignment (with duplicates and gap-only sites/taxa removed) 
NOTE: was saved to: /rds/general/user/nb122/home/Y3_Project/BLASTN/RAxML/T2.raxml.reduced.phy

Alignment comprises 1 partitions and 966 patterns

Partition 0: noname
Model: GTR+FO+I+G4m
Alignment sites / patterns: 1077 / 966
Gaps: 40.76 %
Invariant sites: 22.01 %


NOTE: Binary MSA file created: T2.raxml.rba


* Estimated memory requirements                : 35 MB

* Recommended number of threads / MPI processes: 4

Please note that numbers given above are rough estimates only. 
Actual memory consumption and parallel performance on your system may differ!

Alignment can be successfully read by RAxML-NG.


Execution log saved to: /rds/general/user/nb122/home/Y3_Project/BLASTN/RAxML/T2.raxml.log

Analysis started: 24-Feb-2025 13:02:50 / finished: 24-Feb-2025 13:02:50

Elapsed time: 0.032 seconds

